<?xml version="1.0" encoding="UTF-8"?>
<!-- Generated by org.testng.reporters.JUnitXMLReporter -->
<testsuite ignored="0" hostname="LAPTOP-7BRPN938" failures="0" tests="3" name="Default test" time="25.919" errors="0" timestamp="2023-08-03T13:15:50 IST">
  <testcase classname="com.registration.Registertest" name="registrationTest" time="10.283"/>
  <testcase classname="com.login.LoginTest" name="loginTest" time="7.349"/>
  <testcase classname="com.login.AdminLogin" name="loginTest" time="8.195"/>
</testsuite> <!-- Default test -->
